<?xml version="1.0" encoding="UTF-8"?>
<!-- Generated by org.testng.reporters.JUnitReportReporter -->
<testsuite skipped="0" hostname="BLRL79035" name="Test.TestDownload" tests="1" failures="0" timestamp="23 Oct 2020 14:22:04 GMT" time="17.756" errors="1">
  <testcase name="downloadAndReadFile" time="17.756" classname="Test.TestDownload">
    <error type="java.io.IOException" message="Error: End-of-File, expected line">
      <![CDATA[java.io.IOException: Error: End-of-File, expected line
	at org.apache.pdfbox.pdfparser.BaseParser.readLine(BaseParser.java:1098)
	at org.apache.pdfbox.pdfparser.COSParser.parseHeader(COSParser.java:2589)
	at org.apache.pdfbox.pdfparser.COSParser.parsePDFHeader(COSParser.java:2560)
	at org.apache.pdfbox.pdfparser.PDFParser.parse(PDFParser.java:219)
	at org.apache.pdfbox.pdmodel.PDDocument.load(PDDocument.java:1222)
	at org.apache.pdfbox.pdmodel.PDDocument.load(PDDocument.java:1122)
	at Utils.PDFReader.PDFReader(PDFReader.java:24)
	at Test.TestDownload.downloadAndReadFile(TestDownload.java:72)
	at sun.reflect.NativeMethodAccessorImpl.invoke0(Native Method)
	at sun.reflect.NativeMethodAccessorImpl.invoke(NativeMethodAccessorImpl.java:62)
	at sun.reflect.DelegatingMethodAccessorImpl.invoke(DelegatingMethodAccessorImpl.java:43)
	at java.lang.reflect.Method.invoke(Method.java:498)
	at org.testng.internal.MethodInvocationHelper.invokeMethod(MethodInvocationHelper.java:108)
	at org.testng.internal.Invoker.invokeMethod(Invoker.java:661)
	at org.testng.internal.Invoker.invokeTestMethod(Invoker.java:869)
	at org.testng.internal.Invoker.invokeTestMethods(Invoker.java:1193)
	at org.testng.internal.TestMethodWorker.invokeTestMethods(TestMethodWorker.java:126)
	at org.testng.internal.TestMethodWorker.run(TestMethodWorker.java:109)
	at org.testng.TestRunner.privateRun(TestRunner.java:744)
	at org.testng.TestRunner.run(TestRunner.java:602)
	at org.testng.SuiteRunner.runTest(SuiteRunner.java:380)
	at org.testng.SuiteRunner.runSequentially(SuiteRunner.java:375)
	at org.testng.SuiteRunner.privateRun(SuiteRunner.java:340)
	at org.testng.SuiteRunner.run(SuiteRunner.java:289)
	at org.testng.SuiteRunnerWorker.runSuite(SuiteRunnerWorker.java:52)
	at org.testng.SuiteRunnerWorker.run(SuiteRunnerWorker.java:86)
	at org.testng.TestNG.runSuitesSequentially(TestNG.java:1301)
	at org.testng.TestNG.runSuitesLocally(TestNG.java:1226)
	at org.testng.TestNG.runSuites(TestNG.java:1144)
	at org.testng.TestNG.run(TestNG.java:1115)
	at org.testng.remote.AbstractRemoteTestNG.run(AbstractRemoteTestNG.java:132)
	at org.testng.remote.RemoteTestNG.initAndRun(RemoteTestNG.java:236)
	at org.testng.remote.RemoteTestNG.main(RemoteTestNG.java:81)
]]>
    </error>
  </testcase> <!-- downloadAndReadFile -->
</testsuite> <!-- Test.TestDownload -->
